18-05-19 10:06:53:Error at file[/media/sf_www/es-admin/EasySwooleEvent.php] line[27] message:[Uncaught Error: Class 'EasySwoole\ProcessManager' not found in /media/sf_www/es-admin/EasySwooleEvent.php:27
Stack trace:
#0 /media/sf_www/es-admin/vendor/easyswoole/easyswoole/src/Core/Swoole/ServerManager.php(130): EasySwoole\EasySwooleEvent::mainServerCreate(Object(EasySwoole\Core\Swoole\ServerManager), Object(EasySwoole\Core\Swoole\EventRegister))
#1 /media/sf_www/es-admin/vendor/easyswoole/easyswoole/src/Core/Swoole/ServerManager.php(61): EasySwoole\Core\Swoole\ServerManager->createMainServer()
#2 /media/sf_www/es-admin/vendor/easyswoole/easyswoole/src/Core/Core.php(45): EasySwoole\Core\Swoole\ServerManager->start()
#3 /media/sf_www/es-admin/vendor/easyswoole/easyswoole/bin/easyswoole(322): EasySwoole\Core\Core->run()
#4 /media/sf_www/es-admin/vendor/easyswoole/easyswoole/bin/easyswoole(24): serverStart(Array)
#5 /media/sf_www/es-admin/vendor/easyswoole/easyswoole/bin/easyswoole(458): commandHandler()
#6 /media/sf_www/es-admin/easyswoole(2): require('/media/sf_www/e...')
#7 {main}
  thrown]
18-05-19 13:23:52:Error at file[/media/sf_www/es-admin/App/HttpController/Admin/Login.php] line[54] message:[Cannot declare class App\HttpController\Login, because the name is already in use]
18-05-19 13:25:56:Error at file[/media/sf_www/es-admin/App/HttpController/Admin/Login.php] line[54] message:[Cannot declare class App\HttpController\Login, because the name is already in use]
18-05-19 13:28:52:Error at file[/media/sf_www/es-admin/App/HttpController/Admin/Login.php] line[53] message:[Cannot declare class App\HttpController\Login, because the name is already in use]
18-05-19 13:30:15:Error at file[/media/sf_www/es-admin/App/HttpController/Admin/Login.php] line[7] message:[Class 'App\HttpController\Admin\ViewController' not found]
18-05-19 13:30:21:Error at file[/media/sf_www/es-admin/App/HttpController/Admin/Login.php] line[7] message:[Class 'App\HttpController\Admin\ViewController' not found]
18-05-19 13:30:25:Error at file[/media/sf_www/es-admin/App/HttpController/Admin/Login.php] line[7] message:[Class 'App\HttpController\Admin\ViewController' not found]
18-05-19 13:30:29:Error at file[/media/sf_www/es-admin/App/HttpController/Admin/Login.php] line[7] message:[Class 'App\HttpController\Admin\ViewController' not found]
18-05-19 13:54:17:Error at file[/media/sf_www/es-admin/App/HttpController/Admin/Login.php] line[29] message:[Use of undefined constant Db - assumed 'Db' (this will throw an Error in a future version of PHP)]
18-05-19 16:35:47:Error at file[/media/sf_www/es-admin/App/HttpController/Admin/Login.php] line[47] message:[response has end at status 1]
18-05-19 18:23:57:Error at file[/media/sf_www/es-admin/vendor/easyswoole/easyswoole/src/Core/Http/Message/Status.php] line[124] message:[Illegal offset type in isset or empty]
18-05-19 18:23:57:Error at file[/media/sf_www/es-admin/vendor/easyswoole/easyswoole/src/Core/Http/Response.php] line[47] message:[Swoole\Http\Response::status() expects parameter 1 to be integer, array given]
18-05-19 18:24:16:Error at file[/media/sf_www/es-admin/vendor/easyswoole/easyswoole/src/Core/Http/Message/Status.php] line[124] message:[Illegal offset type in isset or empty]
18-05-19 18:24:16:Error at file[/media/sf_www/es-admin/vendor/easyswoole/easyswoole/src/Core/Http/Response.php] line[47] message:[Swoole\Http\Response::status() expects parameter 1 to be integer, array given]
18-05-19 18:57:01:Error at file[/media/sf_www/es-admin/App/HttpController/Admin/Menu.php] line[18] message:[Cannot declare class App\HttpController\Admin\Index, because the name is already in use]
18-05-20 15:48:08:Error at file[/media/sf_www/es-admin/Temp/templates_c/6cc39397801ab7ee9e0a99b6c7c77221.php] line[1094] message:[Undefined variable: mysql_ver]
18-05-20 15:48:08:Error at file[/media/sf_www/es-admin/Temp/templates_c/6cc39397801ab7ee9e0a99b6c7c77221.php] line[1098] message:[Undefined variable: mysql_ver]
18-05-20 15:56:03:Error at file[/media/sf_www/es-admin/Temp/templates_c/6cc39397801ab7ee9e0a99b6c7c77221.php] line[1101] message:[Undefined variable: mysql_ver]
18-05-20 15:56:10:Error at file[/media/sf_www/es-admin/Temp/templates_c/6cc39397801ab7ee9e0a99b6c7c77221.php] line[1101] message:[Undefined variable: mysql_ver]
18-05-20 15:56:21:Error at file[/media/sf_www/es-admin/Temp/templates_c/6cc39397801ab7ee9e0a99b6c7c77221.php] line[1101] message:[Undefined variable: mysql_ver]
18-05-20 15:56:29:Error at file[/media/sf_www/es-admin/Temp/templates_c/6cc39397801ab7ee9e0a99b6c7c77221.php] line[1101] message:[Undefined variable: mysql_ver]
18-05-20 15:56:37:Error at file[/media/sf_www/es-admin/Temp/templates_c/6cc39397801ab7ee9e0a99b6c7c77221.php] line[1101] message:[Undefined variable: mysql_ver]
18-05-20 15:57:51:Error at file[/media/sf_www/es-admin/Temp/templates_c/6cc39397801ab7ee9e0a99b6c7c77221.php] line[1112] message:[Undefined variable: mysql_ver]
18-05-20 15:58:21:Error at file[/media/sf_www/es-admin/Temp/templates_c/6cc39397801ab7ee9e0a99b6c7c77221.php] line[1112] message:[Undefined variable: mysql_ver]
18-05-20 15:58:27:Error at file[/media/sf_www/es-admin/Temp/templates_c/6cc39397801ab7ee9e0a99b6c7c77221.php] line[1112] message:[Undefined variable: mysql_ver]
18-05-20 15:59:00:Error at file[/media/sf_www/es-admin/Temp/templates_c/6cc39397801ab7ee9e0a99b6c7c77221.php] line[1112] message:[Undefined variable: mysql_ver]
18-05-20 16:06:17:Error at file[/media/sf_www/es-admin/Temp/templates_c/6cc39397801ab7ee9e0a99b6c7c77221.php] line[1112] message:[Undefined variable: mysql_ver]
18-05-20 16:06:26:Error at file[/media/sf_www/es-admin/Temp/templates_c/6cc39397801ab7ee9e0a99b6c7c77221.php] line[1112] message:[Undefined variable: mysql_ver]
18-05-20 16:06:32:Error at file[/media/sf_www/es-admin/Temp/templates_c/6cc39397801ab7ee9e0a99b6c7c77221.php] line[1112] message:[Undefined variable: mysql_ver]
18-05-20 16:07:00:Error at file[/media/sf_www/es-admin/Temp/templates_c/6cc39397801ab7ee9e0a99b6c7c77221.php] line[1112] message:[Undefined variable: mysql_ver]
18-05-20 16:07:01:Error at file[/media/sf_www/es-admin/Temp/templates_c/6cc39397801ab7ee9e0a99b6c7c77221.php] line[1112] message:[Undefined variable: mysql_ver]
18-05-20 16:07:26:Error at file[/media/sf_www/es-admin/Temp/templates_c/6cc39397801ab7ee9e0a99b6c7c77221.php] line[1112] message:[Undefined variable: mysql_ver]
18-05-20 16:07:45:Error at file[/media/sf_www/es-admin/Temp/templates_c/6cc39397801ab7ee9e0a99b6c7c77221.php] line[1112] message:[Undefined variable: mysql_ver]
18-05-20 16:12:31:Error at file[/media/sf_www/es-admin/Temp/templates_c/6cc39397801ab7ee9e0a99b6c7c77221.php] line[1112] message:[Undefined variable: mysql_ver]
18-05-20 16:13:14:Error at file[/media/sf_www/es-admin/Temp/templates_c/6cc39397801ab7ee9e0a99b6c7c77221.php] line[1112] message:[Undefined variable: mysql_ver]
18-05-20 16:13:40:Error at file[/media/sf_www/es-admin/Temp/templates_c/6cc39397801ab7ee9e0a99b6c7c77221.php] line[1112] message:[Undefined variable: mysql_ver]
18-05-20 16:13:48:Error at file[/media/sf_www/es-admin/Temp/templates_c/6cc39397801ab7ee9e0a99b6c7c77221.php] line[1112] message:[Undefined variable: mysql_ver]
18-05-20 16:14:05:Error at file[/media/sf_www/es-admin/Temp/templates_c/6cc39397801ab7ee9e0a99b6c7c77221.php] line[1112] message:[Undefined variable: mysql_ver]
18-05-20 16:24:40:Error at file[/media/sf_www/es-admin/Temp/templates_c/98583e5c9f3af82a793000b76af53d95.php] line[691] message:[Use of undefined constant second_menu - assumed 'second_menu' (this will throw an Error in a future version of PHP)]
18-05-20 16:24:40:Error at file[/media/sf_www/es-admin/Temp/templates_c/98583e5c9f3af82a793000b76af53d95.php] line[692] message:[Undefined variable: second_menu]
18-05-20 16:24:40:Error at file[/media/sf_www/es-admin/Temp/templates_c/98583e5c9f3af82a793000b76af53d95.php] line[693] message:[Use of undefined constant third_menu - assumed 'third_menu' (this will throw an Error in a future version of PHP)]
18-05-20 16:24:40:Error at file[/media/sf_www/es-admin/Temp/templates_c/98583e5c9f3af82a793000b76af53d95.php] line[694] message:[Undefined variable: third_menu]
18-05-20 16:24:47:Error at file[/media/sf_www/es-admin/Temp/templates_c/98583e5c9f3af82a793000b76af53d95.php] line[691] message:[Use of undefined constant second_menu - assumed 'second_menu' (this will throw an Error in a future version of PHP)]
18-05-20 16:24:47:Error at file[/media/sf_www/es-admin/Temp/templates_c/98583e5c9f3af82a793000b76af53d95.php] line[693] message:[Use of undefined constant third_menu - assumed 'third_menu' (this will throw an Error in a future version of PHP)]
18-05-20 16:26:01:Error at file[/media/sf_www/es-admin/Temp/templates_c/6cc39397801ab7ee9e0a99b6c7c77221.php] line[691] message:[Undefined variable: second_menu]
18-05-20 16:26:01:Error at file[/media/sf_www/es-admin/Temp/templates_c/6cc39397801ab7ee9e0a99b6c7c77221.php] line[693] message:[Undefined variable: third_menu]
18-05-20 16:39:07:Error at file[/media/sf_www/es-admin/Temp/templates_c/98583e5c9f3af82a793000b76af53d95.php] line[6] message:[Undefined variable: title]
18-05-20 16:39:14:Error at file[/media/sf_www/es-admin/Temp/templates_c/98583e5c9f3af82a793000b76af53d95.php] line[6] message:[Undefined variable: title]
18-05-20 16:39:26:Error at file[/media/sf_www/es-admin/Temp/templates_c/98583e5c9f3af82a793000b76af53d95.php] line[6] message:[Undefined variable: title]
18-05-20 16:40:06:Error at file[/media/sf_www/es-admin/Temp/templates_c/98583e5c9f3af82a793000b76af53d95.php] line[6] message:[Undefined variable: title]
18-05-20 18:26:07:Error at file[/media/sf_www/es-admin/App/HttpController/Admin/Common.php] line[28] message:[Undefined property: EasySwoole\Core\Http\Request::$getParsedBody]
18-05-20 18:30:49:Error at file[/media/sf_www/es-admin/App/HttpController/Admin/Common.php] line[28] message:[Undefined property: EasySwoole\Core\Http\Request::$getUploadFiles]
18-05-20 18:37:58:Error at file[/media/sf_www/es-admin/App/HttpController/Admin/Common.php] line[29] message:[Trying to get property 'tempName' of non-object]
18-05-20 18:39:16:Error at file[/media/sf_www/es-admin/App/HttpController/Admin/Common.php] line[29] message:[Trying to get property 'tempName' of non-object]
18-05-20 18:44:50:Error at file[/media/sf_www/es-admin/App/HttpController/Admin/Common.php] line[29] message:[Undefined offset: 0]
18-05-20 18:44:50:Error at file[/media/sf_www/es-admin/App/HttpController/Admin/Common.php] line[29] message:[Trying to get property 'tempName' of non-object]
18-05-20 18:47:03:Error at file[/media/sf_www/es-admin/App/HttpController/Admin/Common.php] line[29] message:[Undefined offset: 0]
18-05-20 18:47:03:Error at file[/media/sf_www/es-admin/App/HttpController/Admin/Common.php] line[29] message:[Trying to get property 'tempName' of non-object]
18-05-20 18:47:47:Error at file[/media/sf_www/es-admin/App/HttpController/Admin/Common.php] line[29] message:[Undefined offset: 0]
18-05-20 18:47:47:Error at file[/media/sf_www/es-admin/App/HttpController/Admin/Common.php] line[29] message:[Trying to get property 'tempName' of non-object]
18-05-20 22:19:11:Error at file[/media/sf_www/es-admin/App/HttpController/Admin/Admin.php] line[33] message:[array_merge(): Argument #2 is not an array]
18-05-20 22:19:11:Error at file[/media/sf_www/es-admin/Temp/templates_c/90e2511548d7d1a5838f9deff480f64e.php] line[6] message:[Undefined variable: title]
18-05-20 22:22:35:Error at file[/media/sf_www/es-admin/Temp/templates_c/90e2511548d7d1a5838f9deff480f64e.php] line[836] message:[Undefined variable: classuri]
18-05-20 22:22:36:Error at file[/media/sf_www/es-admin/Temp/templates_c/90e2511548d7d1a5838f9deff480f64e.php] line[836] message:[Undefined variable: classuri]
18-05-20 22:24:24:Error at file[/media/sf_www/es-admin/Temp/templates_c/90e2511548d7d1a5838f9deff480f64e.php] line[836] message:[Undefined variable: classuri]
18-05-20 22:24:24:Error at file[/media/sf_www/es-admin/Temp/templates_c/90e2511548d7d1a5838f9deff480f64e.php] line[838] message:[Undefined variable: classuri]
18-05-20 22:24:24:Error at file[/media/sf_www/es-admin/Temp/templates_c/90e2511548d7d1a5838f9deff480f64e.php] line[839] message:[Undefined variable: classuri]
18-05-20 22:24:24:Error at file[/media/sf_www/es-admin/Temp/templates_c/90e2511548d7d1a5838f9deff480f64e.php] line[841] message:[Undefined variable: classuri]
18-05-20 22:24:24:Error at file[/media/sf_www/es-admin/Temp/templates_c/90e2511548d7d1a5838f9deff480f64e.php] line[842] message:[Undefined variable: classuri]
18-05-20 22:24:24:Error at file[/media/sf_www/es-admin/Temp/templates_c/90e2511548d7d1a5838f9deff480f64e.php] line[844] message:[Undefined variable: classuri]
18-05-20 22:24:24:Error at file[/media/sf_www/es-admin/Temp/templates_c/90e2511548d7d1a5838f9deff480f64e.php] line[845] message:[Undefined variable: classuri]
18-05-20 22:24:24:Error at file[/media/sf_www/es-admin/Temp/templates_c/90e2511548d7d1a5838f9deff480f64e.php] line[847] message:[Undefined variable: classuri]
18-05-20 22:24:24:Error at file[/media/sf_www/es-admin/Temp/templates_c/90e2511548d7d1a5838f9deff480f64e.php] line[851] message:[Undefined variable: classuri]
18-05-20 22:24:24:Error at file[/media/sf_www/es-admin/Temp/templates_c/90e2511548d7d1a5838f9deff480f64e.php] line[853] message:[Undefined variable: classuri]
18-05-28 21:23:27:Error at file[/media/sf_www/es-admin/vendor/easyswoole/easyswoole/src/Core/Swoole/ServerManager.php] line[115] message:[Uncaught Swoole\Exception: failed to listen server port[0.0.0.0:9501]. Error: Address already in use[98]. in /media/sf_www/es-admin/vendor/easyswoole/easyswoole/src/Core/Swoole/ServerManager.php:115
Stack trace:
#0 /media/sf_www/es-admin/vendor/easyswoole/easyswoole/src/Core/Swoole/ServerManager.php(115): Swoole\Server->__construct('0.0.0.0', 9501, 3, 1)
#1 /media/sf_www/es-admin/vendor/easyswoole/easyswoole/src/Core/Swoole/ServerManager.php(61): EasySwoole\Core\Swoole\ServerManager->createMainServer()
#2 /media/sf_www/es-admin/vendor/easyswoole/easyswoole/src/Core/Core.php(45): EasySwoole\Core\Swoole\ServerManager->start()
#3 /media/sf_www/es-admin/vendor/easyswoole/easyswoole/bin/easyswoole(322): EasySwoole\Core\Core->run()
#4 /media/sf_www/es-admin/vendor/easyswoole/easyswoole/bin/easyswoole(24): serverStart(Array)
#5 /media/sf_www/es-admin/vendor/easyswoole/easyswoole/bin/easyswoole(458): commandHandler()
#6 /media/sf_www/es-admin/easyswoole(2): require('/media/sf_www/e...')
#7 {main}
  thrown]
18-05-28 23:03:22:Error at file[/media/sf_www/es-admin/Temp/templates_c/2c0c40c294d63210e5c7e6b01dd91ded.php] line[6] message:[Undefined variable: title]
18-05-28 23:03:41:Error at file[/media/sf_www/es-admin/Temp/templates_c/2c0c40c294d63210e5c7e6b01dd91ded.php] line[6] message:[Undefined variable: title]
18-05-28 23:03:45:Error at file[/media/sf_www/es-admin/Temp/templates_c/2c0c40c294d63210e5c7e6b01dd91ded.php] line[6] message:[Undefined variable: title]
18-05-28 23:03:47:Error at file[/media/sf_www/es-admin/Temp/templates_c/2c0c40c294d63210e5c7e6b01dd91ded.php] line[6] message:[Undefined variable: title]
18-05-28 23:05:04:Error at file[/media/sf_www/es-admin/Temp/templates_c/2c0c40c294d63210e5c7e6b01dd91ded.php] line[6] message:[Undefined variable: title]
18-05-28 23:05:48:Error at file[/media/sf_www/es-admin/Temp/templates_c/2c0c40c294d63210e5c7e6b01dd91ded.php] line[6] message:[Undefined variable: title]
18-05-28 23:06:03:Error at file[/media/sf_www/es-admin/Temp/templates_c/2c0c40c294d63210e5c7e6b01dd91ded.php] line[6] message:[Undefined variable: title]
18-05-28 23:06:09:Error at file[/media/sf_www/es-admin/Temp/templates_c/2c0c40c294d63210e5c7e6b01dd91ded.php] line[6] message:[Undefined variable: title]
18-05-28 23:07:37:Error at file[/media/sf_www/es-admin/Temp/templates_c/2c0c40c294d63210e5c7e6b01dd91ded.php] line[6] message:[Undefined variable: title]
18-05-28 23:08:44:Error at file[/media/sf_www/es-admin/Temp/templates_c/2c0c40c294d63210e5c7e6b01dd91ded.php] line[6] message:[Undefined variable: title]
18-05-28 23:09:42:Error at file[/media/sf_www/es-admin/Temp/templates_c/2c0c40c294d63210e5c7e6b01dd91ded.php] line[6] message:[Undefined variable: title]
18-05-28 23:10:32:Error at file[/media/sf_www/es-admin/Temp/templates_c/2c0c40c294d63210e5c7e6b01dd91ded.php] line[6] message:[Undefined variable: title]
18-05-28 23:11:25:Error at file[/media/sf_www/es-admin/Temp/templates_c/2c0c40c294d63210e5c7e6b01dd91ded.php] line[6] message:[Undefined variable: title]
18-05-28 23:15:15:Error at file[/media/sf_www/es-admin/Temp/templates_c/2c0c40c294d63210e5c7e6b01dd91ded.php] line[6] message:[Undefined variable: title]
18-05-28 23:16:14:Error at file[/media/sf_www/es-admin/Temp/templates_c/2c0c40c294d63210e5c7e6b01dd91ded.php] line[6] message:[Undefined variable: title]
18-05-28 23:16:30:Error at file[/media/sf_www/es-admin/Temp/templates_c/2c0c40c294d63210e5c7e6b01dd91ded.php] line[6] message:[Undefined variable: title]
18-05-28 23:19:00:Error at file[/media/sf_www/es-admin/Temp/templates_c/2c0c40c294d63210e5c7e6b01dd91ded.php] line[6] message:[Undefined variable: title]
18-05-28 23:19:09:Error at file[/media/sf_www/es-admin/Temp/templates_c/2c0c40c294d63210e5c7e6b01dd91ded.php] line[6] message:[Undefined variable: title]
18-05-28 23:19:28:Error at file[/media/sf_www/es-admin/Temp/templates_c/2c0c40c294d63210e5c7e6b01dd91ded.php] line[6] message:[Undefined variable: title]
18-05-28 23:20:00:Error at file[/media/sf_www/es-admin/Temp/templates_c/2c0c40c294d63210e5c7e6b01dd91ded.php] line[6] message:[Undefined variable: title]
18-05-28 23:20:05:Error at file[/media/sf_www/es-admin/Temp/templates_c/2c0c40c294d63210e5c7e6b01dd91ded.php] line[6] message:[Undefined variable: title]
18-05-28 23:21:39:Error at file[/media/sf_www/es-admin/Temp/templates_c/2c0c40c294d63210e5c7e6b01dd91ded.php] line[6] message:[Undefined variable: title]
18-05-28 23:23:30:Error at file[/media/sf_www/es-admin/Temp/templates_c/2c0c40c294d63210e5c7e6b01dd91ded.php] line[6] message:[Undefined variable: title]
18-05-28 23:25:13:Error at file[/media/sf_www/es-admin/Temp/templates_c/2c0c40c294d63210e5c7e6b01dd91ded.php] line[6] message:[Undefined variable: title]
18-05-28 23:29:11:Error at file[/media/sf_www/es-admin/Temp/templates_c/2c0c40c294d63210e5c7e6b01dd91ded.php] line[6] message:[Undefined variable: title]
18-05-28 23:29:23:Error at file[/media/sf_www/es-admin/Temp/templates_c/2c0c40c294d63210e5c7e6b01dd91ded.php] line[6] message:[Undefined variable: title]
18-05-28 23:31:26:Error at file[/media/sf_www/es-admin/Temp/templates_c/2c0c40c294d63210e5c7e6b01dd91ded.php] line[6] message:[Undefined variable: title]
18-05-28 23:32:28:Error at file[/media/sf_www/es-admin/Temp/templates_c/2c0c40c294d63210e5c7e6b01dd91ded.php] line[6] message:[Undefined variable: title]
18-05-28 23:33:06:Error at file[/media/sf_www/es-admin/Temp/templates_c/2c0c40c294d63210e5c7e6b01dd91ded.php] line[6] message:[Undefined variable: title]
18-05-28 23:33:55:Error at file[/media/sf_www/es-admin/Temp/templates_c/2c0c40c294d63210e5c7e6b01dd91ded.php] line[6] message:[Undefined variable: title]
18-05-28 23:35:09:Error at file[/media/sf_www/es-admin/Temp/templates_c/2c0c40c294d63210e5c7e6b01dd91ded.php] line[6] message:[Undefined variable: title]
18-05-28 23:35:52:Error at file[/media/sf_www/es-admin/Temp/templates_c/2c0c40c294d63210e5c7e6b01dd91ded.php] line[6] message:[Undefined variable: title]
18-05-28 23:36:42:Error at file[/media/sf_www/es-admin/Temp/templates_c/2c0c40c294d63210e5c7e6b01dd91ded.php] line[6] message:[Undefined variable: title]
18-05-28 23:37:44:Error at file[/media/sf_www/es-admin/Temp/templates_c/2c0c40c294d63210e5c7e6b01dd91ded.php] line[6] message:[Undefined variable: title]
18-05-28 23:37:46:Error at file[/media/sf_www/es-admin/Temp/templates_c/2c0c40c294d63210e5c7e6b01dd91ded.php] line[6] message:[Undefined variable: title]
18-05-28 23:37:49:Error at file[/media/sf_www/es-admin/Temp/templates_c/2c0c40c294d63210e5c7e6b01dd91ded.php] line[6] message:[Undefined variable: title]
18-05-28 23:37:58:Error at file[/media/sf_www/es-admin/Temp/templates_c/2c0c40c294d63210e5c7e6b01dd91ded.php] line[6] message:[Undefined variable: title]
18-05-28 23:38:00:Error at file[/media/sf_www/es-admin/Temp/templates_c/2c0c40c294d63210e5c7e6b01dd91ded.php] line[6] message:[Undefined variable: title]
18-05-28 23:38:27:Error at file[/media/sf_www/es-admin/Temp/templates_c/2c0c40c294d63210e5c7e6b01dd91ded.php] line[6] message:[Undefined variable: title]
18-05-28 23:39:01:Error at file[/media/sf_www/es-admin/Temp/templates_c/2c0c40c294d63210e5c7e6b01dd91ded.php] line[6] message:[Undefined variable: title]
